00:41:44,265 (main) INFO  [DataNucleus.SchemaTool] - DataNucleus SchemaTool : Creación del esquema para clases
00:41:44,269 (main) INFO  [DataNucleus.SchemaTool] - DataNucleus SchemaTool : Classpath
00:41:44,269 (main) INFO  [DataNucleus.SchemaTool] - >>  C:\Users\Rocio\.m2\repository\org\datanucleus\datanucleus-maven-plugin\6.0.0-release\datanucleus-maven-plugin-6.0.0-release.jar
00:41:44,269 (main) INFO  [DataNucleus.SchemaTool] - >>  C:\Users\Rocio\.m2\repository\org\codehaus\plexus\plexus-utils\3.3.0\plexus-utils-3.3.0.jar
00:41:44,269 (main) INFO  [DataNucleus.SchemaTool] - >>  C:\Users\Rocio\.m2\repository\org\apache\maven\maven-artifact\3.8.1\maven-artifact-3.8.1.jar
00:41:44,309 (main) INFO  [DataNucleus.SchemaTool] - >>  C:\Users\Rocio\.m2\repository\org\apache\commons\commons-lang3\3.8.1\commons-lang3-3.8.1.jar
00:41:44,309 (main) INFO  [DataNucleus.SchemaTool] - >>  C:\Users\Rocio\.m2\repository\org\apache\maven\maven-plugin-api\3.8.1\maven-plugin-api-3.8.1.jar
00:41:44,309 (main) INFO  [DataNucleus.SchemaTool] - >>  C:\Users\Rocio\.m2\repository\org\apache\maven\maven-model\3.8.1\maven-model-3.8.1.jar
00:41:44,310 (main) INFO  [DataNucleus.SchemaTool] - >>  C:\Users\Rocio\.m2\repository\org\eclipse\sisu\org.eclipse.sisu.plexus\0.3.4\org.eclipse.sisu.plexus-0.3.4.jar
00:41:44,310 (main) INFO  [DataNucleus.SchemaTool] - >>  C:\Users\Rocio\.m2\repository\javax\enterprise\cdi-api\1.0\cdi-api-1.0.jar
00:41:44,310 (main) INFO  [DataNucleus.SchemaTool] - >>  C:\Users\Rocio\.m2\repository\javax\annotation\jsr250-api\1.0\jsr250-api-1.0.jar
00:41:44,311 (main) INFO  [DataNucleus.SchemaTool] - >>  C:\Users\Rocio\.m2\repository\javax\inject\javax.inject\1\javax.inject-1.jar
00:41:44,311 (main) INFO  [DataNucleus.SchemaTool] - >>  C:\Users\Rocio\.m2\repository\org\eclipse\sisu\org.eclipse.sisu.inject\0.3.4\org.eclipse.sisu.inject-0.3.4.jar
00:41:44,311 (main) INFO  [DataNucleus.SchemaTool] - >>  C:\Users\Rocio\.m2\repository\org\codehaus\plexus\plexus-component-annotations\1.5.5\plexus-component-annotations-1.5.5.jar
00:41:44,311 (main) INFO  [DataNucleus.SchemaTool] - >>  C:\Users\Rocio\.m2\repository\org\codehaus\plexus\plexus-classworlds\2.6.0\plexus-classworlds-2.6.0.jar
00:41:44,311 (main) INFO  [DataNucleus.SchemaTool] - >>  C:\Users\Rocio\.m2\repository\org\codehaus\plexus\plexus-container-default\2.1.0\plexus-container-default-2.1.0.jar
00:41:44,311 (main) INFO  [DataNucleus.SchemaTool] - >>  C:\Users\Rocio\.m2\repository\org\apache\xbean\xbean-reflect\3.7\xbean-reflect-3.7.jar
00:41:44,311 (main) INFO  [DataNucleus.SchemaTool] - >>  C:\Users\Rocio\.m2\repository\com\google\collections\google-collections\1.0\google-collections-1.0.jar
00:41:44,312 (main) INFO  [DataNucleus.SchemaTool] - >>  C:\Users\Rocio\Desktop\Proceso_de_Software_y_Calidad\BSPQ23-E7\DeustoCars\target\classes
00:41:44,312 (main) INFO  [DataNucleus.SchemaTool] - >>  C:\Users\Rocio\.m2\repository\org\datanucleus\javax.jdo\3.2.1\javax.jdo-3.2.1.jar
00:41:44,312 (main) INFO  [DataNucleus.SchemaTool] - >>  C:\Users\Rocio\.m2\repository\javax\transaction\javax.transaction-api\1.3\javax.transaction-api-1.3.jar
00:41:44,312 (main) INFO  [DataNucleus.SchemaTool] - >>  C:\Users\Rocio\.m2\repository\org\glassfish\corba\glassfish-corba-omgapi\4.2.2\glassfish-corba-omgapi-4.2.2.jar
00:41:44,312 (main) INFO  [DataNucleus.SchemaTool] - >>  C:\Users\Rocio\.m2\repository\org\datanucleus\datanucleus-core\6.0.7\datanucleus-core-6.0.7.jar
00:41:44,312 (main) INFO  [DataNucleus.SchemaTool] - >>  C:\Users\Rocio\.m2\repository\org\datanucleus\datanucleus-api-jdo\6.0.2\datanucleus-api-jdo-6.0.2.jar
00:41:44,312 (main) INFO  [DataNucleus.SchemaTool] - >>  C:\Users\Rocio\.m2\repository\org\datanucleus\datanucleus-rdbms\6.0.7\datanucleus-rdbms-6.0.7.jar
00:41:44,313 (main) INFO  [DataNucleus.SchemaTool] - >>  C:\Users\Rocio\.m2\repository\mysql\mysql-connector-java\8.0.29\mysql-connector-java-8.0.29.jar
00:41:44,313 (main) INFO  [DataNucleus.SchemaTool] - >>  C:\Users\Rocio\.m2\repository\com\google\protobuf\protobuf-java\3.19.4\protobuf-java-3.19.4.jar
00:41:44,314 (main) INFO  [DataNucleus.SchemaTool] - >>  C:\Users\Rocio\.m2\repository\org\apache\logging\log4j\log4j-api\2.23.1\log4j-api-2.23.1.jar
00:41:44,314 (main) INFO  [DataNucleus.SchemaTool] - >>  C:\Users\Rocio\.m2\repository\org\apache\logging\log4j\log4j-core\2.23.1\log4j-core-2.23.1.jar
00:41:44,314 (main) INFO  [DataNucleus.SchemaTool] - >>  C:\Users\Rocio\.m2\repository\org\glassfish\jersey\containers\jersey-container-servlet-core\2.35\jersey-container-servlet-core-2.35.jar
00:41:44,314 (main) INFO  [DataNucleus.SchemaTool] - >>  C:\Users\Rocio\.m2\repository\org\glassfish\hk2\external\jakarta.inject\2.6.1\jakarta.inject-2.6.1.jar
00:41:44,315 (main) INFO  [DataNucleus.SchemaTool] - >>  C:\Users\Rocio\.m2\repository\org\glassfish\jersey\core\jersey-common\2.35\jersey-common-2.35.jar
00:41:44,315 (main) INFO  [DataNucleus.SchemaTool] - >>  C:\Users\Rocio\.m2\repository\jakarta\annotation\jakarta.annotation-api\1.3.5\jakarta.annotation-api-1.3.5.jar
00:41:44,315 (main) INFO  [DataNucleus.SchemaTool] - >>  C:\Users\Rocio\.m2\repository\org\glassfish\hk2\osgi-resource-locator\1.0.3\osgi-resource-locator-1.0.3.jar
00:41:44,315 (main) INFO  [DataNucleus.SchemaTool] - >>  C:\Users\Rocio\.m2\repository\org\glassfish\jersey\core\jersey-server\2.35\jersey-server-2.35.jar
00:41:44,315 (main) INFO  [DataNucleus.SchemaTool] - >>  C:\Users\Rocio\.m2\repository\org\glassfish\jersey\core\jersey-client\2.35\jersey-client-2.35.jar
00:41:44,315 (main) INFO  [DataNucleus.SchemaTool] - >>  C:\Users\Rocio\.m2\repository\jakarta\validation\jakarta.validation-api\2.0.2\jakarta.validation-api-2.0.2.jar
00:41:44,315 (main) INFO  [DataNucleus.SchemaTool] - >>  C:\Users\Rocio\.m2\repository\jakarta\ws\rs\jakarta.ws.rs-api\2.1.6\jakarta.ws.rs-api-2.1.6.jar
00:41:44,316 (main) INFO  [DataNucleus.SchemaTool] - >>  C:\Users\Rocio\.m2\repository\org\glassfish\jersey\inject\jersey-hk2\2.35\jersey-hk2-2.35.jar
00:41:44,316 (main) INFO  [DataNucleus.SchemaTool] - >>  C:\Users\Rocio\.m2\repository\org\glassfish\hk2\hk2-locator\2.6.1\hk2-locator-2.6.1.jar
00:41:44,316 (main) INFO  [DataNucleus.SchemaTool] - >>  C:\Users\Rocio\.m2\repository\org\glassfish\hk2\external\aopalliance-repackaged\2.6.1\aopalliance-repackaged-2.6.1.jar
00:41:44,316 (main) INFO  [DataNucleus.SchemaTool] - >>  C:\Users\Rocio\.m2\repository\org\glassfish\hk2\hk2-api\2.6.1\hk2-api-2.6.1.jar
00:41:44,316 (main) INFO  [DataNucleus.SchemaTool] - >>  C:\Users\Rocio\.m2\repository\org\glassfish\hk2\hk2-utils\2.6.1\hk2-utils-2.6.1.jar
00:41:44,316 (main) INFO  [DataNucleus.SchemaTool] - >>  C:\Users\Rocio\.m2\repository\org\javassist\javassist\3.25.0-GA\javassist-3.25.0-GA.jar
00:41:44,316 (main) INFO  [DataNucleus.SchemaTool] - >>  C:\Users\Rocio\.m2\repository\org\glassfish\jersey\media\jersey-media-json-jackson\2.35\jersey-media-json-jackson-2.35.jar
00:41:44,316 (main) INFO  [DataNucleus.SchemaTool] - >>  C:\Users\Rocio\.m2\repository\org\glassfish\jersey\ext\jersey-entity-filtering\2.35\jersey-entity-filtering-2.35.jar
00:41:44,317 (main) INFO  [DataNucleus.SchemaTool] - >>  C:\Users\Rocio\.m2\repository\com\fasterxml\jackson\core\jackson-annotations\2.12.2\jackson-annotations-2.12.2.jar
00:41:44,317 (main) INFO  [DataNucleus.SchemaTool] - >>  C:\Users\Rocio\.m2\repository\com\fasterxml\jackson\core\jackson-databind\2.12.2\jackson-databind-2.12.2.jar
00:41:44,317 (main) INFO  [DataNucleus.SchemaTool] - >>  C:\Users\Rocio\.m2\repository\com\fasterxml\jackson\core\jackson-core\2.12.2\jackson-core-2.12.2.jar
00:41:44,317 (main) INFO  [DataNucleus.SchemaTool] - >>  C:\Users\Rocio\.m2\repository\com\fasterxml\jackson\module\jackson-module-jaxb-annotations\2.12.2\jackson-module-jaxb-annotations-2.12.2.jar
00:41:44,317 (main) INFO  [DataNucleus.SchemaTool] - >>  C:\Users\Rocio\.m2\repository\jakarta\xml\bind\jakarta.xml.bind-api\2.3.2\jakarta.xml.bind-api-2.3.2.jar
00:41:44,318 (main) INFO  [DataNucleus.SchemaTool] - >>  C:\Users\Rocio\.m2\repository\jakarta\activation\jakarta.activation-api\1.2.1\jakarta.activation-api-1.2.1.jar
00:41:44,338 (main) DEBUG [DataNucleus.General] - Using PluginRegistry org.datanucleus.plugin.NonManagedPluginRegistry
00:41:44,370 (main) DEBUG [DataNucleus.General] - Registering bundle org.eclipse.sisu.inject version 0.3.4 at URL file:/C:/Users/Rocio/.m2/repository/org/eclipse/sisu/org.eclipse.sisu.inject/0.3.4/org.eclipse.sisu.inject-0.3.4.jar.
00:41:44,383 (main) DEBUG [DataNucleus.General] - Leyendo extension-points y extensiones del archivo de plug-in jar:file:/C:/Users/Rocio/.m2/repository/org/eclipse/sisu/org.eclipse.sisu.inject/0.3.4/org.eclipse.sisu.inject-0.3.4.jar!/plugin.xml.
00:41:44,387 (main) DEBUG [DataNucleus.General] - Registering bundle org.datanucleus version 6.0.7 at URL file:/C:/Users/Rocio/.m2/repository/org/datanucleus/datanucleus-core/6.0.7/datanucleus-core-6.0.7.jar.
00:41:44,393 (main) DEBUG [DataNucleus.General] - Leyendo extension-points y extensiones del archivo de plug-in jar:file:/C:/Users/Rocio/.m2/repository/org/datanucleus/datanucleus-core/6.0.7/datanucleus-core-6.0.7.jar!/plugin.xml.
00:41:44,404 (main) DEBUG [DataNucleus.General] - Registering bundle org.datanucleus.api.jdo version 6.0.2 at URL file:/C:/Users/Rocio/.m2/repository/org/datanucleus/datanucleus-api-jdo/6.0.2/datanucleus-api-jdo-6.0.2.jar.
00:41:44,412 (main) DEBUG [DataNucleus.General] - Leyendo extension-points y extensiones del archivo de plug-in jar:file:/C:/Users/Rocio/.m2/repository/org/datanucleus/datanucleus-api-jdo/6.0.2/datanucleus-api-jdo-6.0.2.jar!/plugin.xml.
00:41:44,417 (main) DEBUG [DataNucleus.General] - Registering bundle org.datanucleus.store.rdbms version 6.0.7 at URL file:/C:/Users/Rocio/.m2/repository/org/datanucleus/datanucleus-rdbms/6.0.7/datanucleus-rdbms-6.0.7.jar.
00:41:44,421 (main) DEBUG [DataNucleus.General] - Leyendo extension-points y extensiones del archivo de plug-in jar:file:/C:/Users/Rocio/.m2/repository/org/datanucleus/datanucleus-rdbms/6.0.7/datanucleus-rdbms-6.0.7.jar!/plugin.xml.
00:41:44,446 (main) INFO  [DataNucleus.Persistence] - Propiedad datanucleus.metadata.validate desconocida - vamos a ignorarla
00:41:44,447 (main) DEBUG [DataNucleus.Datastore] - Creating StoreManager for datastore
00:41:44,512 (main) DEBUG [DataNucleus.Connection] - Creado ConnectionPool "tx" con data source de tipo dbcp2-builtin
00:41:44,512 (main) DEBUG [DataNucleus.Connection] - Registrado la factoria de connecciones transaccionales bajo el nombre "rdbms/tx"
00:41:44,513 (main) DEBUG [DataNucleus.Connection] - Registrado la factoria de connecciones nontransaccionales bajo el nombre "rdbms/nontx"
00:41:44,529 (main) DEBUG [DataNucleus.Connection] - Creado ConnectionPool "nontx" con data source de tipo dbcp2-builtin
00:41:45,134 (main) DEBUG [DataNucleus.Connection] - ManagedConnection ABIERTO : "org.datanucleus.store.rdbms.ConnectionFactoryImpl$ManagedConnectionImpl@1051817b [conn=null, commitOnRelease=true, closeOnRelease=true, closeOnTxnEnd=true]" en resource "nontx"
00:41:45,199 (main) DEBUG [DataNucleus.Datastore] - No Soportando el tipo RDBMS de Java java.lang.Float, jdbc-type=REAL
00:41:45,233 (main) DEBUG [DataNucleus.Datastore] - No Soportando el tipo RDBMS de Java java.lang.String, jdbc-type=NVARCHAR
00:41:45,234 (main) DEBUG [DataNucleus.Datastore] - No Soportando el tipo RDBMS de Java java.lang.String, jdbc-type=NCHAR
00:41:45,235 (main) DEBUG [DataNucleus.Datastore] - Soporte de RDBMS configurado para el tipo "[B" con jdbc-types=[BLOB, BINARY, VARBINARY, LONGVARBINARY], sql-types=[BLOB, BINARY, VARBINARY, LONGVARBINARY] y defecto (jdbc-type=LONGVARBINARY, sql-type=LONGVARBINARY)
00:41:45,235 (main) DEBUG [DataNucleus.Datastore] - Soporte de RDBMS configurado para el tipo "java.io.File" con jdbc-types=[LONGVARBINARY], sql-types=[LONGVARBINARY] y defecto (jdbc-type=LONGVARBINARY, sql-type=LONGVARBINARY)
00:41:45,235 (main) DEBUG [DataNucleus.Datastore] - Soporte de RDBMS configurado para el tipo "java.io.Serializable" con jdbc-types=[BLOB, BINARY, VARBINARY, LONGVARBINARY], sql-types=[BLOB, BINARY, VARBINARY, LONGVARBINARY] y defecto (jdbc-type=LONGVARBINARY, sql-type=LONGVARBINARY)
00:41:45,235 (main) DEBUG [DataNucleus.Datastore] - Soporte de RDBMS configurado para el tipo "java.lang.Boolean" con jdbc-types=[SMALLINT, CHAR, BIT, BOOLEAN, TINYINT], sql-types=[SMALLINT, CHAR, BIT, BOOLEAN, TINYINT] y defecto (jdbc-type=BIT, sql-type=BIT)
00:41:45,235 (main) DEBUG [DataNucleus.Datastore] - Soporte de RDBMS configurado para el tipo "java.lang.Byte" con jdbc-types=[SMALLINT, TINYINT], sql-types=[SMALLINT, TINYINT] y defecto (jdbc-type=TINYINT, sql-type=TINYINT)
00:41:45,236 (main) DEBUG [DataNucleus.Datastore] - Soporte de RDBMS configurado para el tipo "java.lang.Character" con jdbc-types=[CHAR, INTEGER], sql-types=[CHAR, INTEGER] y defecto (jdbc-type=CHAR, sql-type=CHAR)
00:41:45,236 (main) DEBUG [DataNucleus.Datastore] - Soporte de RDBMS configurado para el tipo "java.lang.Double" con jdbc-types=[DECIMAL, DOUBLE], sql-types=[DECIMAL, DOUBLE] y defecto (jdbc-type=DOUBLE, sql-type=DOUBLE)
00:41:45,236 (main) DEBUG [DataNucleus.Datastore] - Soporte de RDBMS configurado para el tipo "java.lang.Float" con jdbc-types=[FLOAT, DECIMAL, DOUBLE], sql-types=[FLOAT, DECIMAL, DOUBLE] y defecto (jdbc-type=FLOAT, sql-type=FLOAT)
00:41:45,236 (main) DEBUG [DataNucleus.Datastore] - Soporte de RDBMS configurado para el tipo "java.lang.Integer" con jdbc-types=[NUMERIC, SMALLINT, BIGINT, TINYINT, INTEGER], sql-types=[NUMERIC, SMALLINT, BIGINT, TINYINT, INTEGER] y defecto (jdbc-type=INTEGER, sql-type=INTEGER)
00:41:45,236 (main) DEBUG [DataNucleus.Datastore] - Soporte de RDBMS configurado para el tipo "java.lang.Long" con jdbc-types=[NUMERIC, SMALLINT, BIGINT, TINYINT, INTEGER], sql-types=[NUMERIC, SMALLINT, BIGINT, INT, TINYINT] y defecto (jdbc-type=BIGINT, sql-type=BIGINT)
00:41:45,236 (main) DEBUG [DataNucleus.Datastore] - Soporte de RDBMS configurado para el tipo "java.lang.Short" con jdbc-types=[SMALLINT, TINYINT, INTEGER], sql-types=[SMALLINT, TINYINT, INTEGER] y defecto (jdbc-type=SMALLINT, sql-type=SMALLINT)
00:41:45,236 (main) DEBUG [DataNucleus.Datastore] - Soporte de RDBMS configurado para el tipo "java.lang.String" con jdbc-types=[BLOB, LONGVARCHAR, CLOB, VARCHAR, CHAR, BIGINT], sql-types=[BLOB, LONGVARCHAR, CLOB, LONGTEXT, CHAR, BIGINT, TEXT, MEDIUMTEXT, MEDIUMBLOB, VARCHAR, LONGBLOB] y defecto (jdbc-type=VARCHAR, sql-type=VARCHAR)
00:41:45,236 (main) DEBUG [DataNucleus.Datastore] - Soporte de RDBMS configurado para el tipo "java.math.BigDecimal" con jdbc-types=[NUMERIC, DECIMAL], sql-types=[NUMERIC, DECIMAL] y defecto (jdbc-type=DECIMAL, sql-type=DECIMAL)
00:41:45,236 (main) DEBUG [DataNucleus.Datastore] - Soporte de RDBMS configurado para el tipo "java.math.BigInteger" con jdbc-types=[NUMERIC, BIGINT], sql-types=[NUMERIC, BIGINT] y defecto (jdbc-type=NUMERIC, sql-type=NUMERIC)
00:41:45,237 (main) DEBUG [DataNucleus.Datastore] - Soporte de RDBMS configurado para el tipo "java.sql.Date" con jdbc-types=[DATE, TIMESTAMP, VARCHAR, CHAR, BIGINT], sql-types=[DATE, TIMESTAMP, VARCHAR, CHAR, BIGINT] y defecto (jdbc-type=DATE, sql-type=DATE)
00:41:45,237 (main) DEBUG [DataNucleus.Datastore] - Soporte de RDBMS configurado para el tipo "java.sql.Time" con jdbc-types=[TIMESTAMP, VARCHAR, CHAR, TIME, BIGINT], sql-types=[TIMESTAMP, VARCHAR, CHAR, TIME, BIGINT] y defecto (jdbc-type=TIME, sql-type=TIME)
00:41:45,237 (main) DEBUG [DataNucleus.Datastore] - Soporte de RDBMS configurado para el tipo "java.sql.Timestamp" con jdbc-types=[DATE, TIMESTAMP, VARCHAR, CHAR, TIME], sql-types=[DATE, TIMESTAMP, VARCHAR, CHAR, TIME] y defecto (jdbc-type=TIMESTAMP, sql-type=TIMESTAMP)
00:41:45,237 (main) DEBUG [DataNucleus.Datastore] - Soporte de RDBMS configurado para el tipo "java.util.Date" con jdbc-types=[DATE, TIMESTAMP, VARCHAR, CHAR, TIME, BIGINT], sql-types=[DATE, TIMESTAMP, VARCHAR, CHAR, TIME, BIGINT] y defecto (jdbc-type=TIMESTAMP, sql-type=TIMESTAMP)
00:41:45,237 (main) DEBUG [DataNucleus.Datastore] - Soporte de RDBMS configurado para el tipo "org.datanucleus.identity.DatastoreId" con jdbc-types=[NUMERIC, VARCHAR, CHAR, BIGINT, INTEGER], sql-types=[NUMERIC, VARCHAR, CHAR, BIGINT, INTEGER] y defecto (jdbc-type=BIGINT, sql-type=BIGINT)
00:41:45,247 (main) DEBUG [DataNucleus.Datastore.Schema] - Vamos a añadir/drop una tabla para determinar el catalogo/esquema para el datasource. Pon "datanucleus.mapping.Catalog"/"datanucleus.mapping.Schema" para evitarlo
00:41:45,278 (main) DEBUG [DataNucleus.Datastore.Schema] - CREATE TABLE `DELETEME1712097705254`
(
    `UNUSED` INTEGER NOT NULL
) ENGINE=INNODB
00:41:45,371 (main) DEBUG [DataNucleus.Datastore.Schema] - SQL Tiempo de cumplir = 93 ms
00:41:45,391 (main) DEBUG [DataNucleus.Datastore.Schema] - No era posible determinar el nombre del esquema por este DataStore
00:41:45,391 (main) DEBUG [DataNucleus.Datastore.Schema] - DROP TABLE `DELETEME1712097705254` CASCADE
00:41:45,446 (main) DEBUG [DataNucleus.Datastore.Schema] - SQL Tiempo de cumplir = 55 ms
00:41:45,446 (main) DEBUG [DataNucleus.Datastore] - ======================= Datastore =========================
00:41:45,447 (main) DEBUG [DataNucleus.Datastore] - StoreManager : "rdbms" (org.datanucleus.store.rdbms.RDBMSStoreManager)
00:41:45,447 (main) DEBUG [DataNucleus.Datastore] - Datastore : read-write
00:41:45,448 (main) DEBUG [DataNucleus.Datastore] - Schema Control : AutoCreate(Tables,Columns,Constraints), Validate(None)
00:41:45,448 (main) DEBUG [DataNucleus.Datastore] - Schema : NamingFactory=datanucleus2 identifierCase=null
00:41:45,449 (main) DEBUG [DataNucleus.Datastore] - Query Languages : JDOQL, JPQL, STOREDPROC, SQL
00:41:45,449 (main) DEBUG [DataNucleus.Datastore] - Queries : Timeout=0
00:41:45,449 (main) DEBUG [DataNucleus.Datastore] - ===========================================================
00:41:45,449 (main) DEBUG [DataNucleus.Datastore] - Datastore Adapter : org.datanucleus.store.rdbms.adapter.MySQLAdapter
00:41:45,450 (main) DEBUG [DataNucleus.Datastore] - Datastore : name="MySQL" version="8.0.36"
00:41:45,450 (main) DEBUG [DataNucleus.Datastore] - Datastore Driver : name="MySQL Connector/J" version="mysql-connector-java-8.0.29 (Revision: dd61577595edad45c398af508cf91ad26fc4144f)"
00:41:45,450 (main) DEBUG [DataNucleus.Datastore] - Primary Connection Factory : URL[jdbc:mysql://localhost/deustoCarsDB]
00:41:45,451 (main) DEBUG [DataNucleus.Datastore] - Secondary Connection Factory : URL[jdbc:mysql://localhost/deustoCarsDB]
00:41:45,454 (main) DEBUG [DataNucleus.Datastore] - Datastore Identifiers : factory="datanucleus2" case="UPPERCASE" catalog=deustocarsdb
00:41:45,457 (main) DEBUG [DataNucleus.Datastore] - Supported Identifier Cases : lowercase "lowercase" "UPPERCASE" 
00:41:45,462 (main) DEBUG [DataNucleus.Datastore] - Supported Identifier Lengths (max) : Table=64 Column=64 Constraint=64 Index=64 Delimiter=`
00:41:45,464 (main) DEBUG [DataNucleus.Datastore] - Support for Identifiers in DDL : catalog=true schema=false
00:41:45,464 (main) DEBUG [DataNucleus.Datastore] - Datastore : rdbmsConstraintCreateMode=DataNucleus, initialiseColumnInfo=ALL, checkTableViewExistence
00:41:45,464 (main) DEBUG [DataNucleus.Datastore] - Support Statement Batching : yes (max-batch-size=50)
00:41:45,464 (main) DEBUG [DataNucleus.Datastore] - Queries : Results direction=forward, type=forward-only, concurrency=read-only
00:41:45,464 (main) DEBUG [DataNucleus.Datastore] - Java-Types : string-default-length=255
00:41:45,465 (main) DEBUG [DataNucleus.Datastore] - JDBC-Types : VARCHAR, LONGVARCHAR, BOOLEAN, BINARY, VARBINARY, LONGVARBINARY, BIGINT, TINYINT, BIT, CHAR, NUMERIC, DECIMAL, INTEGER, CLOB, SMALLINT, BLOB, FLOAT, DOUBLE, DATE, TIME, TIMESTAMP
00:41:45,465 (main) DEBUG [DataNucleus.Datastore] - ===========================================================
00:41:45,465 (main) DEBUG [DataNucleus.Connection] - ManagedConnection CERRADO : "org.datanucleus.store.rdbms.ConnectionFactoryImpl$ManagedConnectionImpl@1051817b [conn=org.datanucleus.store.rdbms.datasource.dbcp2.PoolingDataSource$PoolGuardConnectionWrapper@76b0ae1b, commitOnRelease=true, closeOnRelease=true, closeOnTxnEnd=true]" 
00:41:45,466 (main) DEBUG [DataNucleus.Datastore] - StoreManager now created
00:41:45,479 (main) DEBUG [DataNucleus.Persistence] - Tipos de Java inicializando ...
00:41:45,520 (main) DEBUG [DataNucleus.Persistence] - Soporte para tipos de Java listo : tipos soportados = [B, [C, [D, [F, [I, [J, [Ljava.lang.Boolean;, [Ljava.lang.Byte;, [Ljava.lang.Character;, [Ljava.lang.Double;, [Ljava.lang.Enum;, [Ljava.lang.Float;, [Ljava.lang.Integer;, [Ljava.lang.Long;, [Ljava.lang.Number;, [Ljava.lang.Object;, [Ljava.lang.Short;, [Ljava.lang.String;, [Ljava.math.BigDecimal;, [Ljava.math.BigInteger;, [Ljava.util.Date;, [Ljava.util.Locale;, [S, [Z, boolean, byte, char, double, float, int, java.awt.Color, java.awt.image.BufferedImage, java.lang.Boolean, java.lang.Byte, java.lang.Character, java.lang.Class, java.lang.Double, java.lang.Enum, java.lang.Float, java.lang.Integer, java.lang.Long, java.lang.Number, java.lang.Short, java.lang.String, java.lang.StringBuffer, java.lang.StringBuilder, java.math.BigDecimal, java.math.BigInteger, java.net.URI, java.net.URL, java.sql.Date, java.sql.Time, java.sql.Timestamp, java.time.Duration, java.time.Instant, java.time.LocalDate, java.time.LocalDateTime, java.time.LocalTime, java.time.MonthDay, java.time.OffsetDateTime, java.time.OffsetTime, java.time.Period, java.time.Year, java.time.YearMonth, java.time.ZonedDateTime, java.time.ZoneId, java.time.ZoneOffset, java.util.ArrayList, java.util.Arrays$ArrayList, java.util.BitSet, java.util.Calendar, java.util.Collection, java.util.Currency, java.util.Date, java.util.GregorianCalendar, java.util.HashMap, java.util.HashSet, java.util.Hashtable, java.util.LinkedHashMap, java.util.LinkedHashSet, java.util.LinkedList, java.util.List, java.util.Locale, java.util.Map, java.util.Optional, java.util.PriorityQueue, java.util.Properties, java.util.Queue, java.util.Set, java.util.SortedMap, java.util.SortedSet, java.util.Stack, java.util.TimeZone, java.util.TreeMap, java.util.TreeSet, java.util.UUID, java.util.Vector, long, short
00:41:45,520 (main) DEBUG [DataNucleus.Persistence] - Inicializando TypeConverters ...
00:41:45,544 (main) DEBUG [DataNucleus.Persistence] - TypeConverters listo
00:41:45,545 (main) DEBUG [DataNucleus.Persistence] - TypeConverter(s) available for byte[] to : java.nio.ByteBuffer
00:41:45,545 (main) DEBUG [DataNucleus.Persistence] - TypeConverter(s) available for char[] to : java.nio.ByteBuffer
00:41:45,545 (main) DEBUG [DataNucleus.Persistence] - TypeConverter(s) available for double[] to : java.nio.ByteBuffer
00:41:45,546 (main) DEBUG [DataNucleus.Persistence] - TypeConverter(s) available for float[] to : java.nio.ByteBuffer
00:41:45,546 (main) DEBUG [DataNucleus.Persistence] - TypeConverter(s) available for int[] to : java.nio.ByteBuffer
00:41:45,546 (main) DEBUG [DataNucleus.Persistence] - TypeConverter(s) available for long[] to : java.nio.ByteBuffer
00:41:45,546 (main) DEBUG [DataNucleus.Persistence] - TypeConverter(s) available for [Ljava.math.BigDecimal; to : java.nio.ByteBuffer
00:41:45,546 (main) DEBUG [DataNucleus.Persistence] - TypeConverter(s) available for [Ljava.math.BigInteger; to : java.nio.ByteBuffer
00:41:45,546 (main) DEBUG [DataNucleus.Persistence] - TypeConverter(s) available for short[] to : java.nio.ByteBuffer
00:41:45,546 (main) DEBUG [DataNucleus.Persistence] - TypeConverter(s) available for boolean[] to : java.nio.ByteBuffer
00:41:45,547 (main) DEBUG [DataNucleus.Persistence] - TypeConverter(s) available for java.awt.Color to : java.lang.String,int[]
00:41:45,547 (main) DEBUG [DataNucleus.Persistence] - TypeConverter(s) available for java.awt.image.BufferedImage to : java.nio.ByteBuffer,byte[]
00:41:45,547 (main) DEBUG [DataNucleus.Persistence] - TypeConverter(s) available for java.io.Serializable to : java.nio.ByteBuffer,java.lang.String,byte[]
00:41:45,547 (main) DEBUG [DataNucleus.Persistence] - TypeConverter(s) available for java.lang.Boolean to : java.lang.Character,java.lang.Integer
00:41:45,547 (main) DEBUG [DataNucleus.Persistence] - TypeConverter(s) available for java.lang.Character to : java.lang.String
00:41:45,547 (main) DEBUG [DataNucleus.Persistence] - TypeConverter(s) available for java.lang.Class to : java.lang.String
00:41:45,547 (main) DEBUG [DataNucleus.Persistence] - TypeConverter(s) available for java.lang.Integer to : java.lang.String
00:41:45,547 (main) DEBUG [DataNucleus.Persistence] - TypeConverter(s) available for java.lang.Long to : java.lang.String
00:41:45,547 (main) DEBUG [DataNucleus.Persistence] - TypeConverter(s) available for java.lang.StringBuffer to : java.lang.String
00:41:45,547 (main) DEBUG [DataNucleus.Persistence] - TypeConverter(s) available for java.lang.StringBuilder to : java.lang.String
00:41:45,547 (main) DEBUG [DataNucleus.Persistence] - TypeConverter(s) available for java.math.BigDecimal to : java.lang.String,java.lang.Double
00:41:45,548 (main) DEBUG [DataNucleus.Persistence] - TypeConverter(s) available for java.math.BigInteger to : java.lang.Long,java.lang.String
00:41:45,548 (main) DEBUG [DataNucleus.Persistence] - TypeConverter(s) available for java.net.URI to : java.lang.String
00:41:45,548 (main) DEBUG [DataNucleus.Persistence] - TypeConverter(s) available for java.net.URL to : java.lang.String
00:41:45,548 (main) DEBUG [DataNucleus.Persistence] - TypeConverter(s) available for java.sql.Date to : java.lang.Long,java.util.Date,java.lang.String
00:41:45,548 (main) DEBUG [DataNucleus.Persistence] - TypeConverter(s) available for java.sql.Time to : java.lang.Long,java.util.Date,java.lang.String
00:41:45,548 (main) DEBUG [DataNucleus.Persistence] - TypeConverter(s) available for java.sql.Timestamp to : java.lang.Long,java.util.Date,java.lang.String
00:41:45,548 (main) DEBUG [DataNucleus.Persistence] - TypeConverter(s) available for java.time.Duration to : java.lang.Long,java.lang.String,java.lang.Double
00:41:45,548 (main) DEBUG [DataNucleus.Persistence] - TypeConverter(s) available for java.time.Instant to : java.lang.Long,java.util.Date,java.sql.Timestamp,java.lang.String
00:41:45,548 (main) DEBUG [DataNucleus.Persistence] - TypeConverter(s) available for java.time.LocalDate to : java.util.Date,java.sql.Date,java.lang.String
00:41:45,548 (main) DEBUG [DataNucleus.Persistence] - TypeConverter(s) available for java.time.LocalDateTime to : java.util.Date,java.sql.Timestamp,java.lang.String
00:41:45,549 (main) DEBUG [DataNucleus.Persistence] - TypeConverter(s) available for java.time.LocalTime to : java.lang.Long,java.util.Date,java.sql.Time,java.lang.String
00:41:45,549 (main) DEBUG [DataNucleus.Persistence] - TypeConverter(s) available for java.time.MonthDay to : java.util.Date,java.sql.Date,java.lang.String,int[]
00:41:45,549 (main) DEBUG [DataNucleus.Persistence] - TypeConverter(s) available for java.time.OffsetDateTime to : java.util.Date,java.sql.Timestamp,java.lang.String
00:41:45,549 (main) DEBUG [DataNucleus.Persistence] - TypeConverter(s) available for java.time.OffsetTime to : java.lang.Long,java.sql.Time,java.lang.String
00:41:45,549 (main) DEBUG [DataNucleus.Persistence] - TypeConverter(s) available for java.time.Period to : java.lang.String,int[]
00:41:45,549 (main) DEBUG [DataNucleus.Persistence] - TypeConverter(s) available for java.time.Year to : java.lang.String,java.lang.Integer
00:41:45,549 (main) DEBUG [DataNucleus.Persistence] - TypeConverter(s) available for java.time.YearMonth to : java.util.Date,java.sql.Date,java.lang.String,int[]
00:41:45,549 (main) DEBUG [DataNucleus.Persistence] - TypeConverter(s) available for java.time.ZonedDateTime to : java.sql.Timestamp,java.lang.String
00:41:45,549 (main) DEBUG [DataNucleus.Persistence] - TypeConverter(s) available for java.time.ZoneId to : java.lang.String
00:41:45,549 (main) DEBUG [DataNucleus.Persistence] - TypeConverter(s) available for java.time.ZoneOffset to : java.lang.String
00:41:45,549 (main) DEBUG [DataNucleus.Persistence] - TypeConverter(s) available for java.util.BitSet to : java.lang.String
00:41:45,549 (main) DEBUG [DataNucleus.Persistence] - TypeConverter(s) available for java.util.Calendar to : java.util.Date,java.sql.Timestamp,java.lang.String,[Ljava.lang.Object;
00:41:45,549 (main) DEBUG [DataNucleus.Persistence] - TypeConverter(s) available for java.util.Currency to : java.lang.String
00:41:45,549 (main) DEBUG [DataNucleus.Persistence] - TypeConverter(s) available for java.util.Date to : java.lang.Long,java.lang.String
00:41:45,549 (main) DEBUG [DataNucleus.Persistence] - TypeConverter(s) available for java.util.Locale to : java.lang.String
00:41:45,549 (main) DEBUG [DataNucleus.Persistence] - TypeConverter(s) available for java.util.TimeZone to : java.lang.String
00:41:45,550 (main) DEBUG [DataNucleus.Persistence] - TypeConverter(s) available for java.util.UUID to : java.lang.String
00:41:45,558 (main) DEBUG [DataNucleus.MetaData] - MetaDataManager : Input=(XML,Annotations), XML-Validation=false, XML-Suffices=(persistence=*.jdo, orm=orm, query=*.jdoquery), JDO-listener=true
00:41:45,558 (main) DEBUG [DataNucleus.MetaData] - Registering listener for metadata initialisation
00:41:45,564 (main) DEBUG [DataNucleus.Persistence] - Started pool of ExecutionContext (maxPool=20, reaperThread=false)
00:41:45,568 (main) DEBUG [DataNucleus.Persistence] - ================= NucleusContext ===============
00:41:45,568 (main) DEBUG [DataNucleus.Persistence] - DataNucleus Context : Versión: "6.0.7" con JRE "21.0.2" en "Windows 11"
00:41:45,569 (main) DEBUG [DataNucleus.Persistence] - Persistence API : JDO
00:41:45,569 (main) DEBUG [DataNucleus.Persistence] - Plugin Registry : org.datanucleus.plugin.NonManagedPluginRegistry
00:41:45,570 (main) DEBUG [DataNucleus.Persistence] - ClassLoading : default
00:41:45,582 (main) DEBUG [DataNucleus.Persistence] - Persistence : pm-singlethreaded, nontransactional-read, nontransactional-write, reachability-at-commit, copy-on-attach, managed-relations(checked), deletion-policy=JDO2, serverTimeZone=Europe/Madrid
00:41:45,583 (main) DEBUG [DataNucleus.Persistence] - Transactions : type=RESOURCE_LOCAL, mode=datastore, isolation=read-committed
00:41:45,583 (main) DEBUG [DataNucleus.Persistence] - ValueGeneration : txn-isolation=read-committed connection=New
00:41:45,587 (main) DEBUG [DataNucleus.Persistence] - Cache : Level1 (soft), Level2 (soft, mode=UNSPECIFIED), QueryResults (soft), Collections/Maps 
00:41:45,587 (main) DEBUG [DataNucleus.Persistence] - ================================================
00:41:45,587 (main) INFO  [DataNucleus.SchemaTool] - DataNucleus SchemaTool : Propiedades para persistencia
00:41:45,587 (main) INFO  [DataNucleus.SchemaTool] - >>  datanucleus.autostartmechanism=None
00:41:45,588 (main) INFO  [DataNucleus.SchemaTool] - >>  datanucleus.connectionurl=jdbc:mysql://localhost/deustoCarsDB
00:41:45,588 (main) INFO  [DataNucleus.SchemaTool] - >>  datanucleus.connectionusername=spq
00:41:45,588 (main) INFO  [DataNucleus.SchemaTool] - >>  datanucleus.metadata.validate=false
00:41:45,588 (main) INFO  [DataNucleus.SchemaTool] - >>  datanucleus.rdbms.checkexisttablesorviews=true
00:41:45,588 (main) INFO  [DataNucleus.SchemaTool] - >>  datanucleus.readonlydatastore=false
00:41:45,589 (main) INFO  [DataNucleus.SchemaTool] - >>  datanucleus.schema.autocreatecolumns=true
00:41:45,589 (main) INFO  [DataNucleus.SchemaTool] - >>  datanucleus.schema.autocreateconstraints=true
00:41:45,589 (main) INFO  [DataNucleus.SchemaTool] - >>  datanucleus.schema.autocreatetables=true
00:41:45,589 (main) INFO  [DataNucleus.SchemaTool] - DataNucleus SchemaTool : Ficheros
00:41:45,589 (main) INFO  [DataNucleus.SchemaTool] - >>  C:\Users\Rocio\Desktop\Proceso_de_Software_y_Calidad\BSPQ23-E7\DeustoCars\target\classes\es\deusto\spq\App.class
00:41:45,589 (main) INFO  [DataNucleus.SchemaTool] - >>  C:\Users\Rocio\Desktop\Proceso_de_Software_y_Calidad\BSPQ23-E7\DeustoCars\target\classes\es\deusto\spq\client\MainClient.class
00:41:45,589 (main) INFO  [DataNucleus.SchemaTool] - >>  C:\Users\Rocio\Desktop\Proceso_de_Software_y_Calidad\BSPQ23-E7\DeustoCars\target\classes\es\deusto\spq\server\MainServer.class
00:41:45,590 (main) DEBUG [DataNucleus.SchemaTool] - Leyendo 3 ficheros (metadata/class) ...
00:41:45,597 (main) DEBUG [DataNucleus.MetaData] - MetaData Management : Carga de Metadata de los archivos de metadata "[]" ...
00:41:45,597 (main) DEBUG [DataNucleus.MetaData] - MetaData Management : Carga de Metadata ya ha terminado
00:41:45,598 (main) DEBUG [DataNucleus.MetaData] - MetaData Management : Carga de Metadata de las clases "[es.deusto.spq.client.MainClient, es.deusto.spq.server.MainServer, es.deusto.spq.App]" ...
00:41:45,603 (main) DEBUG [DataNucleus.MetaData] - No encontramos el MetaData del tipo "jdo" por la clase "es.deusto.spq.client.MainClient" en /META-INF/package.jdo
00:41:45,604 (main) DEBUG [DataNucleus.MetaData] - No encontramos el MetaData del tipo "jdo" por la clase "es.deusto.spq.client.MainClient" en /WEB-INF/package.jdo
00:41:45,604 (main) DEBUG [DataNucleus.MetaData] - No encontramos el MetaData del tipo "jdo" por la clase "es.deusto.spq.client.MainClient" en /package.jdo
00:41:45,605 (main) DEBUG [DataNucleus.MetaData] - No encontramos el MetaData del tipo "jdo" por la clase "es.deusto.spq.client.MainClient" en /es/package.jdo
00:41:45,605 (main) DEBUG [DataNucleus.MetaData] - No encontramos el MetaData del tipo "jdo" por la clase "es.deusto.spq.client.MainClient" en /es/deusto/package.jdo
00:41:45,605 (main) DEBUG [DataNucleus.MetaData] - No encontramos el MetaData del tipo "jdo" por la clase "es.deusto.spq.client.MainClient" en /es/deusto/spq/package.jdo
00:41:45,606 (main) DEBUG [DataNucleus.MetaData] - No encontramos el MetaData del tipo "jdo" por la clase "es.deusto.spq.client.MainClient" en /es/deusto/spq/client/package.jdo
00:41:45,606 (main) DEBUG [DataNucleus.MetaData] - No encontramos el MetaData del tipo "jdo" por la clase "es.deusto.spq.client.MainClient" en /es/deusto/spq/client/MainClient.jdo
00:41:45,606 (main) DEBUG [DataNucleus.MetaData] - No hemos encontrado el MetaData del tipo "jdo" por la clase "es.deusto.spq.client.MainClient"
00:41:45,606 (main) DEBUG [DataNucleus.MetaData] - Registrando la clase "es.deusto.spq.client.MainClient" no tener Meta-Data
00:41:45,606 (main) DEBUG [DataNucleus.MetaData] - La clase "es.deusto.spq.client.MainClient" no tiene MetaData o annotaciones.
00:41:45,608 (main) DEBUG [DataNucleus.MetaData] - No encontramos el MetaData del tipo "jdo" por la clase "es.deusto.spq.server.MainServer" en /META-INF/package.jdo
00:41:45,609 (main) DEBUG [DataNucleus.MetaData] - No encontramos el MetaData del tipo "jdo" por la clase "es.deusto.spq.server.MainServer" en /WEB-INF/package.jdo
00:41:45,610 (main) DEBUG [DataNucleus.MetaData] - No encontramos el MetaData del tipo "jdo" por la clase "es.deusto.spq.server.MainServer" en /package.jdo
00:41:45,610 (main) DEBUG [DataNucleus.MetaData] - No encontramos el MetaData del tipo "jdo" por la clase "es.deusto.spq.server.MainServer" en /es/package.jdo
00:41:45,610 (main) DEBUG [DataNucleus.MetaData] - No encontramos el MetaData del tipo "jdo" por la clase "es.deusto.spq.server.MainServer" en /es/deusto/package.jdo
00:41:45,610 (main) DEBUG [DataNucleus.MetaData] - No encontramos el MetaData del tipo "jdo" por la clase "es.deusto.spq.server.MainServer" en /es/deusto/spq/package.jdo
00:41:45,611 (main) DEBUG [DataNucleus.MetaData] - No encontramos el MetaData del tipo "jdo" por la clase "es.deusto.spq.server.MainServer" en /es/deusto/spq/server/package.jdo
00:41:45,611 (main) DEBUG [DataNucleus.MetaData] - No encontramos el MetaData del tipo "jdo" por la clase "es.deusto.spq.server.MainServer" en /es/deusto/spq/server/MainServer.jdo
00:41:45,611 (main) DEBUG [DataNucleus.MetaData] - No hemos encontrado el MetaData del tipo "jdo" por la clase "es.deusto.spq.server.MainServer"
00:41:45,611 (main) DEBUG [DataNucleus.MetaData] - Registrando la clase "es.deusto.spq.server.MainServer" no tener Meta-Data
00:41:45,611 (main) DEBUG [DataNucleus.MetaData] - La clase "es.deusto.spq.server.MainServer" no tiene MetaData o annotaciones.
00:41:45,612 (main) DEBUG [DataNucleus.MetaData] - No encontramos el MetaData del tipo "jdo" por la clase "es.deusto.spq.App" en /META-INF/package.jdo
00:41:45,613 (main) DEBUG [DataNucleus.MetaData] - No encontramos el MetaData del tipo "jdo" por la clase "es.deusto.spq.App" en /WEB-INF/package.jdo
00:41:45,613 (main) DEBUG [DataNucleus.MetaData] - No encontramos el MetaData del tipo "jdo" por la clase "es.deusto.spq.App" en /package.jdo
00:41:45,613 (main) DEBUG [DataNucleus.MetaData] - No encontramos el MetaData del tipo "jdo" por la clase "es.deusto.spq.App" en /es/package.jdo
00:41:45,614 (main) DEBUG [DataNucleus.MetaData] - No encontramos el MetaData del tipo "jdo" por la clase "es.deusto.spq.App" en /es/deusto/package.jdo
00:41:45,614 (main) DEBUG [DataNucleus.MetaData] - No encontramos el MetaData del tipo "jdo" por la clase "es.deusto.spq.App" en /es/deusto/spq/package.jdo
00:41:45,614 (main) DEBUG [DataNucleus.MetaData] - No encontramos el MetaData del tipo "jdo" por la clase "es.deusto.spq.App" en /es/deusto/spq/App.jdo
00:41:45,614 (main) DEBUG [DataNucleus.MetaData] - No hemos encontrado el MetaData del tipo "jdo" por la clase "es.deusto.spq.App"
00:41:45,614 (main) DEBUG [DataNucleus.MetaData] - Registrando la clase "es.deusto.spq.App" no tener Meta-Data
00:41:45,614 (main) DEBUG [DataNucleus.MetaData] - La clase "es.deusto.spq.App" no tiene MetaData o annotaciones.
00:41:45,614 (main) DEBUG [DataNucleus.MetaData] - MetaData Management : Carga de Metadata ya ha terminado
00:41:45,614 (main) DEBUG [DataNucleus.SchemaTool] - Hemos acabado de leer 3 ficheros (metadata/class)
00:41:45,615 (main) ERROR [DataNucleus.Datastore.Schema] - No hay clases !
00:41:45,616 (main) ERROR [DataNucleus.SchemaTool] - DataNucleus SchemaTool ha lanzado una excepción. Por favor consulte el Log para ver más detalles: No hay clases !
org.datanucleus.exceptions.NucleusException: No hay clases !
	at org.datanucleus.store.rdbms.RDBMSStoreManager.createSchemaForClasses(RDBMSStoreManager.java:3980) ~[datanucleus-rdbms-6.0.7.jar:?]
	at org.datanucleus.store.schema.SchemaTool.createSchemaForClasses(SchemaTool.java:507) ~[datanucleus-core-6.0.7.jar:?]
	at org.datanucleus.store.schema.SchemaTool.main(SchemaTool.java:423) [datanucleus-core-6.0.7.jar:?]
